Bottle v0.12.13 server starting up (using AutoServer())...
Listening on http://0.0.0.0:80/
Hit Ctrl-C to quit.

Traceback (most recent call last):
  File "hello.py", line 39, in <module>
    robot.run()
  File "/root/WorkSpace/WeChatRecorder/venv/lib/python2.7/site-packages/werobot/robot.py", line 401, in run
    self.wsgi.run(server=server, host=host, port=port)
  File "/root/WorkSpace/WeChatRecorder/venv/lib/python2.7/site-packages/bottle.py", line 755, in run
    run(self, **kwargs)
  File "/root/WorkSpace/WeChatRecorder/venv/lib/python2.7/site-packages/bottle.py", line 3127, in run
    server.run(app)
  File "/root/WorkSpace/WeChatRecorder/venv/lib/python2.7/site-packages/bottle.py", line 2979, in run
    return sa(self.host, self.port, **self.options).run(handler)
  File "/root/WorkSpace/WeChatRecorder/venv/lib/python2.7/site-packages/bottle.py", line 2781, in run
    srv = make_server(self.host, self.port, app, server_cls, handler_cls)
  File "/usr/lib64/python2.7/wsgiref/simple_server.py", line 144, in make_server
    server = server_class((host, port), handler_class)
  File "/usr/lib64/python2.7/SocketServer.py", line 419, in __init__
    self.server_bind()
  File "/usr/lib64/python2.7/wsgiref/simple_server.py", line 48, in server_bind
    HTTPServer.server_bind(self)
  File "/usr/lib64/python2.7/BaseHTTPServer.py", line 108, in server_bind
    SocketServer.TCPServer.server_bind(self)
  File "/usr/lib64/python2.7/SocketServer.py", line 430, in server_bind
    self.socket.bind(self.server_address)
  File "/usr/lib64/python2.7/socket.py", line 224, in meth
    return getattr(self._sock,name)(*args)
socket.error: [Errno 98] Address already in use
