/root/WorkSpace/WeChatRecorder/robot
/root/WorkSpace/WeChatRecorder/robot
/root/WorkSpace/WeChatRecorder/robot
{'1': u'\u738b\u65ed\u9633', '0': u'\u738b\u749e\u52bc', '3': u'\u738b\u78ca', '2': u'\u7f57\u4f2f\u7279', '5': u'\u675c\u5fc3\u6021', '4': u'\u674e\u56db', '7': u'\u674e\u5357\u946b', '6': u'\u6b27\u9633\u7433', '8': u'\u5f20\u5929'}
select * from record where sname='王璞劼';
/root/WorkSpace/WeChatRecorder/robot
select * from class where cid='1-1';
/root/WorkSpace/WeChatRecorder/robot
/root/WorkSpace/WeChatRecorder/robot
{'1': u'\u738b\u65ed\u9633', '0': u'\u738b\u749e\u52bc', '3': u'\u738b\u78ca', '2': u'\u7f57\u4f2f\u7279', '5': u'\u675c\u5fc3\u6021', '4': u'\u674e\u56db', '7': u'\u674e\u5357\u946b', '6': u'\u6b27\u9633\u7433', '8': u'\u5f20\u5929'}
select * from record where sname='王璞劼';
{'1': u'\u738b\u65ed\u9633', '0': u'\u738b\u749e\u52bc', '3': u'\u738b\u78ca', '2': u'\u7f57\u4f2f\u7279', '5': u'\u675c\u5fc3\u6021', '4': u'\u674e\u56db', '7': u'\u674e\u5357\u946b', '6': u'\u6b27\u9633\u7433', '8': u'\u5f20\u5929'}
select * from record where sname='张天';
/root/WorkSpace/WeChatRecorder/robot

Student 张天 registe
insert into record values ('张天', 'vH4ma_-0Z3TY-i09fHMmv5qrlPib7tuGzIyL5_5bUwWIGob9zcsfQ2EmbY7sBIUm', '2017-06-10 12:34:09');
select * from teacher where tid='001';
{'1': u'\u738b\u65ed\u9633', '0': u'\u738b\u749e\u52bc', '3': u'\u738b\u78ca', '2': u'\u7f57\u4f2f\u7279', '5': u'\u675c\u5fc3\u6021', '4': u'\u674e\u56db', '7': u'\u674e\u5357\u946b', '6': u'\u6b27\u9633\u7433', '8': u'\u5f20\u5929'}
select * from record where sname='张天';
/root/WorkSpace/WeChatRecorder/robot
/root/WorkSpace/WeChatRecorder/robot
/root/WorkSpace/WeChatRecorder/robot
/root/WorkSpace/WeChatRecorder/robot
/root/WorkSpace/WeChatRecorder/robot
/root/WorkSpace/WeChatRecorder/robot
/root/WorkSpace/WeChatRecorder/robot
/root/WorkSpace/WeChatRecorder/robot
select * from teacher where tid='001';
select * from teacher where tid='001';
/root/WorkSpace/WeChatRecorder/robot

Student 王五 log in 
{'1': u'\u738b\u4e94', '0': u'\u5f20\u4e09'}
select * from record where sname='王五';

Student 王璞劼 log in 
select * from teacher where tid='001';
/root/WorkSpace/WeChatRecorder/robot
select * from teacher where tid='003';

Student 张三 registe
/root/WorkSpace/WeChatRecorder/robot
select * from teacher where tid='002';
select * from teacher where tid='1-3';
select * from teacher where tid='003';
